CRITICAL - 2024-05-28 04:24:39 --> count(): Argument #1 ($value) must be of type Countable|array, null given
in APPPATH/Views/gestionProductos.php on line 69.
 1 SYSTEMPATH/View/View.php(213): include()
 2 SYSTEMPATH/View/View.php(216): CodeIgniter\View\View->CodeIgniter\View\{closure}()
 3 SYSTEMPATH/Common.php(1184): CodeIgniter\View\View->render('gestionProductos', [], true)
 4 APPPATH/Controllers/GestionProductos.php(93): view('gestionProductos', [...])
 5 SYSTEMPATH/CodeIgniter.php(934): App\Controllers\GestionProductos->add_producto()
 6 SYSTEMPATH/CodeIgniter.php(499): CodeIgniter\CodeIgniter->runController(Object(App\Controllers\GestionProductos))
 7 SYSTEMPATH/CodeIgniter.php(368): CodeIgniter\CodeIgniter->handleRequest(null, Object(Config\Cache), false)
 8 FCPATH/index.php(67): CodeIgniter\CodeIgniter->run()
CRITICAL - 2024-05-28 13:33:43 --> CodeIgniter\BaseModel::transformDataToArray(): Return value must be of type array, int returned
in SYSTEMPATH/BaseModel.php on line 1706.
 1 SYSTEMPATH/BaseModel.php(910): CodeIgniter\BaseModel->transformDataToArray(1, 'update')
 2 SYSTEMPATH/Model.php(756): CodeIgniter\BaseModel->update([...], 1)
 3 APPPATH/Controllers/GestionProductos.php(146): CodeIgniter\Model->update([...], 1)
 4 SYSTEMPATH/CodeIgniter.php(934): App\Controllers\GestionProductos->update_product()
 5 SYSTEMPATH/CodeIgniter.php(499): CodeIgniter\CodeIgniter->runController(Object(App\Controllers\GestionProductos))
 6 SYSTEMPATH/CodeIgniter.php(368): CodeIgniter\CodeIgniter->handleRequest(null, Object(Config\Cache), false)
 7 FCPATH/index.php(67): CodeIgniter\CodeIgniter->run()
CRITICAL - 2024-05-28 13:37:16 --> CodeIgniter\BaseModel::transformDataToArray(): Return value must be of type array, int returned
in SYSTEMPATH/BaseModel.php on line 1706.
 1 SYSTEMPATH/BaseModel.php(910): CodeIgniter\BaseModel->transformDataToArray(1, 'update')
 2 SYSTEMPATH/Model.php(756): CodeIgniter\BaseModel->update([...], 1)
 3 APPPATH/Controllers/GestionProductos.php(146): CodeIgniter\Model->update([...], 1)
 4 SYSTEMPATH/CodeIgniter.php(934): App\Controllers\GestionProductos->edit_product()
 5 SYSTEMPATH/CodeIgniter.php(499): CodeIgniter\CodeIgniter->runController(Object(App\Controllers\GestionProductos))
 6 SYSTEMPATH/CodeIgniter.php(368): CodeIgniter\CodeIgniter->handleRequest(null, Object(Config\Cache), false)
 7 FCPATH/index.php(67): CodeIgniter\CodeIgniter->run()
CRITICAL - 2024-05-28 13:38:22 --> Updates are not allowed unless they contain a "where" or "like" clause.
in SYSTEMPATH/Model.php on line 391.
 1 SYSTEMPATH/BaseModel.php(943): CodeIgniter\Model->doUpdate(null, [...])
 2 SYSTEMPATH/Model.php(756): CodeIgniter\BaseModel->update(null, [...])
 3 APPPATH/Controllers/GestionProductos.php(146): CodeIgniter\Model->update(null, [...])
 4 SYSTEMPATH/CodeIgniter.php(934): App\Controllers\GestionProductos->edit_product()
 5 SYSTEMPATH/CodeIgniter.php(499): CodeIgniter\CodeIgniter->runController(Object(App\Controllers\GestionProductos))
 6 SYSTEMPATH/CodeIgniter.php(368): CodeIgniter\CodeIgniter->handleRequest(null, Object(Config\Cache), false)
 7 FCPATH/index.php(67): CodeIgniter\CodeIgniter->run()
