CRITICAL - 2024-05-30 13:53:22 --> syntax error, unexpected token "endforeach"
in APPPATH/Views/gestionProductos.php on line 67.
 1 SYSTEMPATH/View/View.php(216): CodeIgniter\View\View->CodeIgniter\View\{closure}()
 2 SYSTEMPATH/Common.php(1184): CodeIgniter\View\View->render('gestionProductos', [], true)
 3 APPPATH/Controllers/GestionProductos.php(32): view('gestionProductos', [...])
 4 SYSTEMPATH/CodeIgniter.php(934): App\Controllers\GestionProductos->index()
 5 SYSTEMPATH/CodeIgniter.php(499): CodeIgniter\CodeIgniter->runController(Object(App\Controllers\GestionProductos))
 6 SYSTEMPATH/CodeIgniter.php(368): CodeIgniter\CodeIgniter->handleRequest(null, Object(Config\Cache), false)
 7 FCPATH/index.php(67): CodeIgniter\CodeIgniter->run()
CRITICAL - 2024-05-30 13:56:27 --> Undefined variable $row
in APPPATH/Views/gestionProductos.php on line 56.
 1 APPPATH/Views/gestionProductos.php(56): CodeIgniter\Debug\Exceptions->errorHandler(2, 'Undefined variable $row', 'APPPATH/Views/gestionProductos.php', 56)
 2 SYSTEMPATH/View/View.php(213): include('APPPATH/Views/gestionProductos.php')
 3 SYSTEMPATH/View/View.php(216): CodeIgniter\View\View->CodeIgniter\View\{closure}()
 4 SYSTEMPATH/Common.php(1184): CodeIgniter\View\View->render('gestionProductos', [], true)
 5 APPPATH/Controllers/GestionProductos.php(32): view('gestionProductos', [...])
 6 SYSTEMPATH/CodeIgniter.php(934): App\Controllers\GestionProductos->index()
 7 SYSTEMPATH/CodeIgniter.php(499): CodeIgniter\CodeIgniter->runController(Object(App\Controllers\GestionProductos))
 8 SYSTEMPATH/CodeIgniter.php(368): CodeIgniter\CodeIgniter->handleRequest(null, Object(Config\Cache), false)
 9 FCPATH/index.php(67): CodeIgniter\CodeIgniter->run()
CRITICAL - 2024-05-30 13:56:29 --> Undefined variable $row
in APPPATH/Views/gestionProductos.php on line 56.
 1 APPPATH/Views/gestionProductos.php(56): CodeIgniter\Debug\Exceptions->errorHandler(2, 'Undefined variable $row', 'APPPATH/Views/gestionProductos.php', 56)
 2 SYSTEMPATH/View/View.php(213): include('APPPATH/Views/gestionProductos.php')
 3 SYSTEMPATH/View/View.php(216): CodeIgniter\View\View->CodeIgniter\View\{closure}()
 4 SYSTEMPATH/Common.php(1184): CodeIgniter\View\View->render('gestionProductos', [], true)
 5 APPPATH/Controllers/GestionProductos.php(32): view('gestionProductos', [...])
 6 SYSTEMPATH/CodeIgniter.php(934): App\Controllers\GestionProductos->index()
 7 SYSTEMPATH/CodeIgniter.php(499): CodeIgniter\CodeIgniter->runController(Object(App\Controllers\GestionProductos))
 8 SYSTEMPATH/CodeIgniter.php(368): CodeIgniter\CodeIgniter->handleRequest(null, Object(Config\Cache), false)
 9 FCPATH/index.php(67): CodeIgniter\CodeIgniter->run()
CRITICAL - 2024-05-30 13:56:33 --> Undefined variable $row
in APPPATH/Views/gestionProductos.php on line 56.
 1 APPPATH/Views/gestionProductos.php(56): CodeIgniter\Debug\Exceptions->errorHandler(2, 'Undefined variable $row', 'APPPATH/Views/gestionProductos.php', 56)
 2 SYSTEMPATH/View/View.php(213): include('APPPATH/Views/gestionProductos.php')
 3 SYSTEMPATH/View/View.php(216): CodeIgniter\View\View->CodeIgniter\View\{closure}()
 4 SYSTEMPATH/Common.php(1184): CodeIgniter\View\View->render('gestionProductos', [], true)
 5 APPPATH/Controllers/GestionProductos.php(32): view('gestionProductos', [...])
 6 SYSTEMPATH/CodeIgniter.php(934): App\Controllers\GestionProductos->index()
 7 SYSTEMPATH/CodeIgniter.php(499): CodeIgniter\CodeIgniter->runController(Object(App\Controllers\GestionProductos))
 8 SYSTEMPATH/CodeIgniter.php(368): CodeIgniter\CodeIgniter->handleRequest(null, Object(Config\Cache), false)
 9 FCPATH/index.php(67): CodeIgniter\CodeIgniter->run()
