CRITICAL - 2024-06-11 13:40:12 --> Call to undefined method CodeIgniterCart\Cart::get_item()
in APPPATH/Controllers/Carrito.php on line 38.
 1 SYSTEMPATH/CodeIgniter.php(934): App\Controllers\Carrito->eliminar_item('c4ca4238a0b923820dcc509a6f75849b')
 2 SYSTEMPATH/CodeIgniter.php(499): CodeIgniter\CodeIgniter->runController(Object(App\Controllers\Carrito))
 3 SYSTEMPATH/CodeIgniter.php(368): CodeIgniter\CodeIgniter->handleRequest(null, Object(Config\Cache), false)
 4 FCPATH/index.php(67): CodeIgniter\CodeIgniter->run()
CRITICAL - 2024-06-11 13:40:28 --> Call to undefined method CodeIgniterCart\Cart::get_item()
in APPPATH/Controllers/Carrito.php on line 38.
 1 SYSTEMPATH/CodeIgniter.php(934): App\Controllers\Carrito->eliminar_item('c4ca4238a0b923820dcc509a6f75849b')
 2 SYSTEMPATH/CodeIgniter.php(499): CodeIgniter\CodeIgniter->runController(Object(App\Controllers\Carrito))
 3 SYSTEMPATH/CodeIgniter.php(368): CodeIgniter\CodeIgniter->handleRequest(null, Object(Config\Cache), false)
 4 FCPATH/index.php(67): CodeIgniter\CodeIgniter->run()
CRITICAL - 2024-06-11 13:41:40 --> Cannot access offset of type string on string
in APPPATH/Controllers/Carrito.php on line 40.
 1 SYSTEMPATH/CodeIgniter.php(934): App\Controllers\Carrito->eliminar_item('c4ca4238a0b923820dcc509a6f75849b')
 2 SYSTEMPATH/CodeIgniter.php(499): CodeIgniter\CodeIgniter->runController(Object(App\Controllers\Carrito))
 3 SYSTEMPATH/CodeIgniter.php(368): CodeIgniter\CodeIgniter->handleRequest(null, Object(Config\Cache), false)
 4 FCPATH/index.php(67): CodeIgniter\CodeIgniter->run()
CRITICAL - 2024-06-11 13:42:01 --> Cannot access offset of type string on string
in APPPATH/Controllers/Carrito.php on line 40.
 1 SYSTEMPATH/CodeIgniter.php(934): App\Controllers\Carrito->eliminar_item('c4ca4238a0b923820dcc509a6f75849b')
 2 SYSTEMPATH/CodeIgniter.php(499): CodeIgniter\CodeIgniter->runController(Object(App\Controllers\Carrito))
 3 SYSTEMPATH/CodeIgniter.php(368): CodeIgniter\CodeIgniter->handleRequest(null, Object(Config\Cache), false)
 4 FCPATH/index.php(67): CodeIgniter\CodeIgniter->run()
CRITICAL - 2024-06-11 13:45:17 --> Call to undefined method CodeIgniterCart\Cart::get_item()
in APPPATH/Controllers/Carrito.php on line 38.
 1 SYSTEMPATH/CodeIgniter.php(934): App\Controllers\Carrito->eliminar_item('c4ca4238a0b923820dcc509a6f75849b')
 2 SYSTEMPATH/CodeIgniter.php(499): CodeIgniter\CodeIgniter->runController(Object(App\Controllers\Carrito))
 3 SYSTEMPATH/CodeIgniter.php(368): CodeIgniter\CodeIgniter->handleRequest(null, Object(Config\Cache), false)
 4 FCPATH/index.php(67): CodeIgniter\CodeIgniter->run()
CRITICAL - 2024-06-11 13:45:35 --> Call to undefined method CodeIgniterCart\Cart::get_item()
in APPPATH/Controllers/Carrito.php on line 38.
 1 SYSTEMPATH/CodeIgniter.php(934): App\Controllers\Carrito->eliminar_item('c4ca4238a0b923820dcc509a6f75849b')
 2 SYSTEMPATH/CodeIgniter.php(499): CodeIgniter\CodeIgniter->runController(Object(App\Controllers\Carrito))
 3 SYSTEMPATH/CodeIgniter.php(368): CodeIgniter\CodeIgniter->handleRequest(null, Object(Config\Cache), false)
 4 FCPATH/index.php(67): CodeIgniter\CodeIgniter->run()
