CRITICAL - 2024-05-12 21:40:28 --> Invalid file: "store.php"
in SYSTEMPATH/Exceptions/FrameworkException.php on line 33.
 1 SYSTEMPATH/View/View.php(201): CodeIgniter\Exceptions\FrameworkException::forInvalidFile('store.php')
 2 SYSTEMPATH/Common.php(1184): CodeIgniter\View\View->render('store', [], true)
 3 APPPATH/Controllers/Commercialization.php(9): view('store')
 4 SYSTEMPATH/CodeIgniter.php(934): App\Controllers\Commercialization->index()
 5 SYSTEMPATH/CodeIgniter.php(499): CodeIgniter\CodeIgniter->runController(Object(App\Controllers\Commercialization))
 6 SYSTEMPATH/CodeIgniter.php(368): CodeIgniter\CodeIgniter->handleRequest(null, Object(Config\Cache), false)
 7 FCPATH/index.php(67): CodeIgniter\CodeIgniter->run()
CRITICAL - 2024-05-12 22:50:54 --> Call to a member function getError() on array
in APPPATH/Views/contact.php on line 45.
 1 SYSTEMPATH/View/View.php(213): include()
 2 SYSTEMPATH/View/View.php(216): CodeIgniter\View\View->CodeIgniter\View\{closure}()
 3 SYSTEMPATH/Common.php(1184): CodeIgniter\View\View->render('contact', [], true)
 4 APPPATH/Controllers/Contact.php(48): view('contact')
 5 SYSTEMPATH/CodeIgniter.php(934): App\Controllers\Contact->add_consulta()
 6 SYSTEMPATH/CodeIgniter.php(499): CodeIgniter\CodeIgniter->runController(Object(App\Controllers\Contact))
 7 SYSTEMPATH/CodeIgniter.php(368): CodeIgniter\CodeIgniter->handleRequest(null, Object(Config\Cache), false)
 8 FCPATH/index.php(67): CodeIgniter\CodeIgniter->run()
CRITICAL - 2024-05-12 22:51:47 --> Call to a member function getError() on array
in APPPATH/Views/contact.php on line 45.
 1 SYSTEMPATH/View/View.php(213): include()
 2 SYSTEMPATH/View/View.php(216): CodeIgniter\View\View->CodeIgniter\View\{closure}()
 3 SYSTEMPATH/Common.php(1184): CodeIgniter\View\View->render('contact', [], true)
 4 APPPATH/Controllers/Contact.php(48): view('contact')
 5 SYSTEMPATH/CodeIgniter.php(934): App\Controllers\Contact->add_consulta()
 6 SYSTEMPATH/CodeIgniter.php(499): CodeIgniter\CodeIgniter->runController(Object(App\Controllers\Contact))
 7 SYSTEMPATH/CodeIgniter.php(368): CodeIgniter\CodeIgniter->handleRequest(null, Object(Config\Cache), false)
 8 FCPATH/index.php(67): CodeIgniter\CodeIgniter->run()
CRITICAL - 2024-05-12 22:51:56 --> Call to a member function getError() on array
in APPPATH/Views/contact.php on line 45.
 1 SYSTEMPATH/View/View.php(213): include()
 2 SYSTEMPATH/View/View.php(216): CodeIgniter\View\View->CodeIgniter\View\{closure}()
 3 SYSTEMPATH/Common.php(1184): CodeIgniter\View\View->render('contact', [], true)
 4 APPPATH/Controllers/Contact.php(48): view('contact')
 5 SYSTEMPATH/CodeIgniter.php(934): App\Controllers\Contact->add_consulta()
 6 SYSTEMPATH/CodeIgniter.php(499): CodeIgniter\CodeIgniter->runController(Object(App\Controllers\Contact))
 7 SYSTEMPATH/CodeIgniter.php(368): CodeIgniter\CodeIgniter->handleRequest(null, Object(Config\Cache), false)
 8 FCPATH/index.php(67): CodeIgniter\CodeIgniter->run()
CRITICAL - 2024-05-12 22:52:53 --> Call to a member function getError() on array
in APPPATH/Views/contact.php on line 37.
 1 SYSTEMPATH/View/View.php(213): include()
 2 SYSTEMPATH/View/View.php(216): CodeIgniter\View\View->CodeIgniter\View\{closure}()
 3 SYSTEMPATH/Common.php(1184): CodeIgniter\View\View->render('contact', [], true)
 4 APPPATH/Controllers/Contact.php(48): view('contact')
 5 SYSTEMPATH/CodeIgniter.php(934): App\Controllers\Contact->add_consulta()
 6 SYSTEMPATH/CodeIgniter.php(499): CodeIgniter\CodeIgniter->runController(Object(App\Controllers\Contact))
 7 SYSTEMPATH/CodeIgniter.php(368): CodeIgniter\CodeIgniter->handleRequest(null, Object(Config\Cache), false)
 8 FCPATH/index.php(67): CodeIgniter\CodeIgniter->run()
CRITICAL - 2024-05-12 22:55:38 --> Call to a member function getErrors() on array
in APPPATH/Views/contact.php on line 31.
 1 SYSTEMPATH/View/View.php(213): include()
 2 SYSTEMPATH/View/View.php(216): CodeIgniter\View\View->CodeIgniter\View\{closure}()
 3 SYSTEMPATH/Common.php(1184): CodeIgniter\View\View->render('contact', [], true)
 4 APPPATH/Controllers/Contact.php(48): view('contact')
 5 SYSTEMPATH/CodeIgniter.php(934): App\Controllers\Contact->add_consulta()
 6 SYSTEMPATH/CodeIgniter.php(499): CodeIgniter\CodeIgniter->runController(Object(App\Controllers\Contact))
 7 SYSTEMPATH/CodeIgniter.php(368): CodeIgniter\CodeIgniter->handleRequest(null, Object(Config\Cache), false)
 8 FCPATH/index.php(67): CodeIgniter\CodeIgniter->run()
CRITICAL - 2024-05-12 22:59:43 --> Call to a member function getErrors() on array
in APPPATH/Views/contact.php on line 31.
 1 SYSTEMPATH/View/View.php(213): include()
 2 SYSTEMPATH/View/View.php(216): CodeIgniter\View\View->CodeIgniter\View\{closure}()
 3 SYSTEMPATH/Common.php(1184): CodeIgniter\View\View->render('contact', [], true)
 4 APPPATH/Controllers/Contact.php(50): view('contact')
 5 SYSTEMPATH/CodeIgniter.php(934): App\Controllers\Contact->add_consulta()
 6 SYSTEMPATH/CodeIgniter.php(499): CodeIgniter\CodeIgniter->runController(Object(App\Controllers\Contact))
 7 SYSTEMPATH/CodeIgniter.php(368): CodeIgniter\CodeIgniter->handleRequest(null, Object(Config\Cache), false)
 8 FCPATH/index.php(67): CodeIgniter\CodeIgniter->run()
