CRITICAL - 2024-06-07 00:20:42 --> count(): Argument #1 ($value) must be of type Countable|array, null given
in APPPATH/Views/gestionProductos.php on line 69.
 1 SYSTEMPATH/View/View.php(213): include()
 2 SYSTEMPATH/View/View.php(216): CodeIgniter\View\View->CodeIgniter\View\{closure}()
 3 SYSTEMPATH/Common.php(1184): CodeIgniter\View\View->render('gestionProductos', [], true)
 4 APPPATH/Controllers/GestionProductos.php(93): view('gestionProductos', [...])
 5 SYSTEMPATH/CodeIgniter.php(934): App\Controllers\GestionProductos->add_producto()
 6 SYSTEMPATH/CodeIgniter.php(499): CodeIgniter\CodeIgniter->runController(Object(App\Controllers\GestionProductos))
 7 SYSTEMPATH/CodeIgniter.php(368): CodeIgniter\CodeIgniter->handleRequest(null, Object(Config\Cache), false)
 8 FCPATH/index.php(67): CodeIgniter\CodeIgniter->run()
CRITICAL - 2024-06-07 00:23:19 --> count(): Argument #1 ($value) must be of type Countable|array, null given
in APPPATH/Views/gestionProductos.php on line 69.
 1 SYSTEMPATH/View/View.php(213): include()
 2 SYSTEMPATH/View/View.php(216): CodeIgniter\View\View->CodeIgniter\View\{closure}()
 3 SYSTEMPATH/Common.php(1184): CodeIgniter\View\View->render('gestionProductos', [], true)
 4 APPPATH/Controllers/GestionProductos.php(93): view('gestionProductos', [...])
 5 SYSTEMPATH/CodeIgniter.php(934): App\Controllers\GestionProductos->add_producto()
 6 SYSTEMPATH/CodeIgniter.php(499): CodeIgniter\CodeIgniter->runController(Object(App\Controllers\GestionProductos))
 7 SYSTEMPATH/CodeIgniter.php(368): CodeIgniter\CodeIgniter->handleRequest(null, Object(Config\Cache), false)
 8 FCPATH/index.php(67): CodeIgniter\CodeIgniter->run()
CRITICAL - 2024-06-07 00:27:12 --> Undefined variable $productos
in APPPATH/Views/gestionProductos.php on line 69.
 1 APPPATH/Views/gestionProductos.php(69): CodeIgniter\Debug\Exceptions->errorHandler(2, 'Undefined variable $productos', 'APPPATH/Views/gestionProductos.php', 69)
 2 SYSTEMPATH/View/View.php(213): include('APPPATH/Views/gestionProductos.php')
 3 SYSTEMPATH/View/View.php(216): CodeIgniter\View\View->CodeIgniter\View\{closure}()
 4 SYSTEMPATH/Common.php(1184): CodeIgniter\View\View->render('gestionProductos', [], true)
 5 APPPATH/Controllers/GestionProductos.php(93): view('gestionProductos', [...])
 6 SYSTEMPATH/CodeIgniter.php(934): App\Controllers\GestionProductos->add_producto()
 7 SYSTEMPATH/CodeIgniter.php(499): CodeIgniter\CodeIgniter->runController(Object(App\Controllers\GestionProductos))
 8 SYSTEMPATH/CodeIgniter.php(368): CodeIgniter\CodeIgniter->handleRequest(null, Object(Config\Cache), false)
 9 FCPATH/index.php(67): CodeIgniter\CodeIgniter->run()
CRITICAL - 2024-06-07 00:31:20 --> Undefined variable $productos
in APPPATH/Views/gestionProductos.php on line 69.
 1 APPPATH/Views/gestionProductos.php(69): CodeIgniter\Debug\Exceptions->errorHandler(2, 'Undefined variable $productos', 'APPPATH/Views/gestionProductos.php', 69)
 2 SYSTEMPATH/View/View.php(213): include('APPPATH/Views/gestionProductos.php')
 3 SYSTEMPATH/View/View.php(216): CodeIgniter\View\View->CodeIgniter\View\{closure}()
 4 SYSTEMPATH/Common.php(1184): CodeIgniter\View\View->render('gestionProductos', [], true)
 5 APPPATH/Controllers/GestionProductos.php(89): view('gestionProductos', [...])
 6 SYSTEMPATH/CodeIgniter.php(934): App\Controllers\GestionProductos->add_producto()
 7 SYSTEMPATH/CodeIgniter.php(499): CodeIgniter\CodeIgniter->runController(Object(App\Controllers\GestionProductos))
 8 SYSTEMPATH/CodeIgniter.php(368): CodeIgniter\CodeIgniter->handleRequest(null, Object(Config\Cache), false)
 9 FCPATH/index.php(67): CodeIgniter\CodeIgniter->run()
CRITICAL - 2024-06-07 00:31:29 --> Undefined variable $productos
in APPPATH/Views/gestionProductos.php on line 69.
 1 APPPATH/Views/gestionProductos.php(69): CodeIgniter\Debug\Exceptions->errorHandler(2, 'Undefined variable $productos', 'APPPATH/Views/gestionProductos.php', 69)
 2 SYSTEMPATH/View/View.php(213): include('APPPATH/Views/gestionProductos.php')
 3 SYSTEMPATH/View/View.php(216): CodeIgniter\View\View->CodeIgniter\View\{closure}()
 4 SYSTEMPATH/Common.php(1184): CodeIgniter\View\View->render('gestionProductos', [], true)
 5 APPPATH/Controllers/GestionProductos.php(89): view('gestionProductos', [...])
 6 SYSTEMPATH/CodeIgniter.php(934): App\Controllers\GestionProductos->add_producto()
 7 SYSTEMPATH/CodeIgniter.php(499): CodeIgniter\CodeIgniter->runController(Object(App\Controllers\GestionProductos))
 8 SYSTEMPATH/CodeIgniter.php(368): CodeIgniter\CodeIgniter->handleRequest(null, Object(Config\Cache), false)
 9 FCPATH/index.php(67): CodeIgniter\CodeIgniter->run()
CRITICAL - 2024-06-07 00:32:14 --> Undefined variable $productos
in APPPATH/Views/gestionProductos.php on line 69.
 1 APPPATH/Views/gestionProductos.php(69): CodeIgniter\Debug\Exceptions->errorHandler(2, 'Undefined variable $productos', 'APPPATH/Views/gestionProductos.php', 69)
 2 SYSTEMPATH/View/View.php(213): include('APPPATH/Views/gestionProductos.php')
 3 SYSTEMPATH/View/View.php(216): CodeIgniter\View\View->CodeIgniter\View\{closure}()
 4 SYSTEMPATH/Common.php(1184): CodeIgniter\View\View->render('gestionProductos', [], true)
 5 APPPATH/Controllers/GestionProductos.php(90): view('gestionProductos', [...])
 6 SYSTEMPATH/CodeIgniter.php(934): App\Controllers\GestionProductos->add_producto()
 7 SYSTEMPATH/CodeIgniter.php(499): CodeIgniter\CodeIgniter->runController(Object(App\Controllers\GestionProductos))
 8 SYSTEMPATH/CodeIgniter.php(368): CodeIgniter\CodeIgniter->handleRequest(null, Object(Config\Cache), false)
 9 FCPATH/index.php(67): CodeIgniter\CodeIgniter->run()
